# gmm-acc-stats-ali exp/tri1/2.mdl "ark,s,cs:apply-cmvn  --utt2spk=ark:data/train_5k/split10/8/utt2spk scp:data/train_5k/split10/8/cmvn.scp scp:data/train_5k/split10/8/feats.scp ark:- | add-deltas  ark:- ark:- |" "ark,s,cs:gunzip -c exp/tri1/ali.8.gz|" exp/tri1/2.8.acc 
# Started at Sat Feb 19 10:33:33 IST 2022
#
gmm-acc-stats-ali exp/tri1/2.mdl 'ark,s,cs:apply-cmvn  --utt2spk=ark:data/train_5k/split10/8/utt2spk scp:data/train_5k/split10/8/cmvn.scp scp:data/train_5k/split10/8/feats.scp ark:- | add-deltas  ark:- ark:- |' 'ark,s,cs:gunzip -c exp/tri1/ali.8.gz|' exp/tri1/2.8.acc 
apply-cmvn --utt2spk=ark:data/train_5k/split10/8/utt2spk scp:data/train_5k/split10/8/cmvn.scp scp:data/train_5k/split10/8/feats.scp ark:- 
add-deltas ark:- ark:- 
LOG (gmm-acc-stats-ali[5.5.997~2-054af]:main():gmm-acc-stats-ali.cc:105) Processed 50 utterances; for utterance lbi-6367-65536-0056 avg. like is -102.18 over 1480 frames.
LOG (gmm-acc-stats-ali[5.5.997~2-054af]:main():gmm-acc-stats-ali.cc:105) Processed 100 utterances; for utterance lbi-6437-66172-0002 avg. like is -103.632 over 1207 frames.
LOG (gmm-acc-stats-ali[5.5.997~2-054af]:main():gmm-acc-stats-ali.cc:105) Processed 150 utterances; for utterance lbi-6476-57446-0067 avg. like is -103.096 over 1268 frames.
LOG (gmm-acc-stats-ali[5.5.997~2-054af]:main():gmm-acc-stats-ali.cc:105) Processed 200 utterances; for utterance lbi-6531-61334-0128 avg. like is -98.875 over 774 frames.
LOG (gmm-acc-stats-ali[5.5.997~2-054af]:main():gmm-acc-stats-ali.cc:105) Processed 250 utterances; for utterance lbi-6818-76332-0013 avg. like is -98.3001 over 1465 frames.
LOG (gmm-acc-stats-ali[5.5.997~2-054af]:main():gmm-acc-stats-ali.cc:105) Processed 300 utterances; for utterance lbi-6880-216547-0023 avg. like is -101.853 over 1534 frames.
LOG (gmm-acc-stats-ali[5.5.997~2-054af]:main():gmm-acc-stats-ali.cc:105) Processed 350 utterances; for utterance lbi-696-93314-0063 avg. like is -103.396 over 1550 frames.
LOG (gmm-acc-stats-ali[5.5.997~2-054af]:main():gmm-acc-stats-ali.cc:105) Processed 400 utterances; for utterance lbi-7078-271888-0056 avg. like is -102.286 over 1490 frames.
LOG (gmm-acc-stats-ali[5.5.997~2-054af]:main():gmm-acc-stats-ali.cc:105) Processed 450 utterances; for utterance lbi-7178-34644-0007 avg. like is -99.2153 over 1394 frames.
LOG (gmm-acc-stats-ali[5.5.997~2-054af]:main():gmm-acc-stats-ali.cc:105) Processed 500 utterances; for utterance lbi-7226-86964-0047 avg. like is -103.126 over 1401 frames.
LOG (apply-cmvn[5.5.997~2-054af]:main():apply-cmvn.cc:162) Applied cepstral mean normalization to 502 utterances, errors on 0
LOG (gmm-acc-stats-ali[5.5.997~2-054af]:main():gmm-acc-stats-ali.cc:112) Done 502 files, 0 with errors.
LOG (gmm-acc-stats-ali[5.5.997~2-054af]:main():gmm-acc-stats-ali.cc:115) Overall avg like per frame (Gaussian only) = -101.474 over 660732 frames.
LOG (gmm-acc-stats-ali[5.5.997~2-054af]:main():gmm-acc-stats-ali.cc:123) Written accs.
# Accounting: time=1 threads=1
# Ended (code 0) at Sat Feb 19 10:33:34 IST 2022, elapsed time 1 seconds
