# gmm-acc-stats-ali exp/tri1/3.mdl "ark,s,cs:apply-cmvn  --utt2spk=ark:data/train_5k/split10/5/utt2spk scp:data/train_5k/split10/5/cmvn.scp scp:data/train_5k/split10/5/feats.scp ark:- | add-deltas  ark:- ark:- |" "ark,s,cs:gunzip -c exp/tri1/ali.5.gz|" exp/tri1/3.5.acc 
# Started at Sat Feb 19 10:33:34 IST 2022
#
gmm-acc-stats-ali exp/tri1/3.mdl 'ark,s,cs:apply-cmvn  --utt2spk=ark:data/train_5k/split10/5/utt2spk scp:data/train_5k/split10/5/cmvn.scp scp:data/train_5k/split10/5/feats.scp ark:- | add-deltas  ark:- ark:- |' 'ark,s,cs:gunzip -c exp/tri1/ali.5.gz|' exp/tri1/3.5.acc 
apply-cmvn --utt2spk=ark:data/train_5k/split10/5/utt2spk scp:data/train_5k/split10/5/cmvn.scp scp:data/train_5k/split10/5/feats.scp ark:- 
add-deltas ark:- ark:- 
LOG (gmm-acc-stats-ali[5.5.997~2-054af]:main():gmm-acc-stats-ali.cc:105) Processed 50 utterances; for utterance lbi-3830-12531-0025 avg. like is -100.465 over 748 frames.
LOG (gmm-acc-stats-ali[5.5.997~2-054af]:main():gmm-acc-stats-ali.cc:105) Processed 100 utterances; for utterance lbi-39-121914-0018 avg. like is -101.184 over 605 frames.
LOG (gmm-acc-stats-ali[5.5.997~2-054af]:main():gmm-acc-stats-ali.cc:105) Processed 150 utterances; for utterance lbi-3982-182255-0007 avg. like is -98.8152 over 1502 frames.
LOG (gmm-acc-stats-ali[5.5.997~2-054af]:main():gmm-acc-stats-ali.cc:105) Processed 200 utterances; for utterance lbi-4014-186175-0023 avg. like is -104.224 over 838 frames.
LOG (gmm-acc-stats-ali[5.5.997~2-054af]:main():gmm-acc-stats-ali.cc:105) Processed 250 utterances; for utterance lbi-403-128339-0002 avg. like is -99.4362 over 883 frames.
LOG (gmm-acc-stats-ali[5.5.997~2-054af]:main():gmm-acc-stats-ali.cc:105) Processed 300 utterances; for utterance lbi-4051-11218-0019 avg. like is -102.078 over 1387 frames.
LOG (gmm-acc-stats-ali[5.5.997~2-054af]:main():gmm-acc-stats-ali.cc:105) Processed 350 utterances; for utterance lbi-4137-11701-0025 avg. like is -111.195 over 1555 frames.
LOG (gmm-acc-stats-ali[5.5.997~2-054af]:main():gmm-acc-stats-ali.cc:105) Processed 400 utterances; for utterance lbi-4195-186237-0014 avg. like is -107.541 over 1380 frames.
LOG (gmm-acc-stats-ali[5.5.997~2-054af]:main():gmm-acc-stats-ali.cc:105) Processed 450 utterances; for utterance lbi-4267-72637-0003 avg. like is -102.999 over 1679 frames.
LOG (apply-cmvn[5.5.997~2-054af]:main():apply-cmvn.cc:162) Applied cepstral mean normalization to 500 utterances, errors on 0
LOG (gmm-acc-stats-ali[5.5.997~2-054af]:main():gmm-acc-stats-ali.cc:105) Processed 500 utterances; for utterance lbi-4340-15220-0097 avg. like is -104.341 over 308 frames.
LOG (gmm-acc-stats-ali[5.5.997~2-054af]:main():gmm-acc-stats-ali.cc:112) Done 500 files, 0 with errors.
LOG (gmm-acc-stats-ali[5.5.997~2-054af]:main():gmm-acc-stats-ali.cc:115) Overall avg like per frame (Gaussian only) = -101.696 over 640318 frames.
LOG (gmm-acc-stats-ali[5.5.997~2-054af]:main():gmm-acc-stats-ali.cc:123) Written accs.
# Accounting: time=1 threads=1
# Ended (code 0) at Sat Feb 19 10:33:35 IST 2022, elapsed time 1 seconds
