# gmm-acc-stats-ali exp/tri1/30.mdl "ark,s,cs:apply-cmvn  --utt2spk=ark:data/train_5k/split10/7/utt2spk scp:data/train_5k/split10/7/cmvn.scp scp:data/train_5k/split10/7/feats.scp ark:- | add-deltas  ark:- ark:- |" "ark,s,cs:gunzip -c exp/tri1/ali.7.gz|" exp/tri1/30.7.acc 
# Started at Sat Feb 19 10:34:53 IST 2022
#
gmm-acc-stats-ali exp/tri1/30.mdl 'ark,s,cs:apply-cmvn  --utt2spk=ark:data/train_5k/split10/7/utt2spk scp:data/train_5k/split10/7/cmvn.scp scp:data/train_5k/split10/7/feats.scp ark:- | add-deltas  ark:- ark:- |' 'ark,s,cs:gunzip -c exp/tri1/ali.7.gz|' exp/tri1/30.7.acc 
add-deltas ark:- ark:- 
apply-cmvn --utt2spk=ark:data/train_5k/split10/7/utt2spk scp:data/train_5k/split10/7/cmvn.scp scp:data/train_5k/split10/7/feats.scp ark:- 
LOG (gmm-acc-stats-ali[5.5.997~2-054af]:main():gmm-acc-stats-ali.cc:105) Processed 50 utterances; for utterance lbi-5456-58161-0022 avg. like is -99.9349 over 1340 frames.
LOG (gmm-acc-stats-ali[5.5.997~2-054af]:main():gmm-acc-stats-ali.cc:105) Processed 100 utterances; for utterance lbi-5561-39621-0012 avg. like is -97.6197 over 249 frames.
LOG (gmm-acc-stats-ali[5.5.997~2-054af]:main():gmm-acc-stats-ali.cc:105) Processed 150 utterances; for utterance lbi-5678-43302-0006 avg. like is -98.2003 over 1299 frames.
LOG (gmm-acc-stats-ali[5.5.997~2-054af]:main():gmm-acc-stats-ali.cc:105) Processed 200 utterances; for utterance lbi-5703-47212-0025 avg. like is -102.597 over 1480 frames.
LOG (gmm-acc-stats-ali[5.5.997~2-054af]:main():gmm-acc-stats-ali.cc:105) Processed 250 utterances; for utterance lbi-5789-57195-0003 avg. like is -97.3856 over 1475 frames.
LOG (gmm-acc-stats-ali[5.5.997~2-054af]:main():gmm-acc-stats-ali.cc:105) Processed 300 utterances; for utterance lbi-5867-48852-0094 avg. like is -93.793 over 1241 frames.
LOG (gmm-acc-stats-ali[5.5.997~2-054af]:main():gmm-acc-stats-ali.cc:105) Processed 350 utterances; for utterance lbi-6000-55211-0053 avg. like is -98.0163 over 1436 frames.
LOG (gmm-acc-stats-ali[5.5.997~2-054af]:main():gmm-acc-stats-ali.cc:105) Processed 400 utterances; for utterance lbi-6078-54007-0028 avg. like is -102.873 over 1453 frames.
LOG (gmm-acc-stats-ali[5.5.997~2-054af]:main():gmm-acc-stats-ali.cc:105) Processed 450 utterances; for utterance lbi-6147-34606-0020 avg. like is -100.708 over 1066 frames.
LOG (apply-cmvn[5.5.997~2-054af]:main():apply-cmvn.cc:162) Applied cepstral mean normalization to 499 utterances, errors on 0
LOG (gmm-acc-stats-ali[5.5.997~2-054af]:main():gmm-acc-stats-ali.cc:112) Done 499 files, 0 with errors.
LOG (gmm-acc-stats-ali[5.5.997~2-054af]:main():gmm-acc-stats-ali.cc:115) Overall avg like per frame (Gaussian only) = -97.8653 over 632639 frames.
LOG (gmm-acc-stats-ali[5.5.997~2-054af]:main():gmm-acc-stats-ali.cc:123) Written accs.
# Accounting: time=1 threads=1
# Ended (code 0) at Sat Feb 19 10:34:54 IST 2022, elapsed time 1 seconds
